{"C:\\Users\\binel\\OneDrive\\Desktop\\Test\\RoboExpo_testing\\src\\actions.js": {"path":"C:\\Users\\binel\\OneDrive\\Desktop\\Test\\RoboExpo_testing\\src\\actions.js","statementMap":{"0":{"start":{"line":8,"column":31},"end":{"line":11,"column":2}},"1":{"start":{"line":8,"column":42},"end":{"line":11,"column":1}},"2":{"start":{"line":13,"column":29},"end":{"line":19,"column":1}},"3":{"start":{"line":13,"column":35},"end":{"line":19,"column":1}},"4":{"start":{"line":14,"column":4},"end":{"line":14,"column":47}},"5":{"start":{"line":15,"column":4},"end":{"line":18,"column":81}},"6":{"start":{"line":16,"column":26},"end":{"line":16,"column":41}},"7":{"start":{"line":17,"column":22},"end":{"line":17,"column":79}},"8":{"start":{"line":18,"column":24},"end":{"line":18,"column":80}}},"fnMap":{"0":{"name":"(anonymous_0)","decl":{"start":{"line":8,"column":31},"end":{"line":8,"column":32}},"loc":{"start":{"line":8,"column":42},"end":{"line":11,"column":1}},"line":8},"1":{"name":"(anonymous_1)","decl":{"start":{"line":13,"column":29},"end":{"line":13,"column":30}},"loc":{"start":{"line":13,"column":35},"end":{"line":19,"column":1}},"line":13},"2":{"name":"(anonymous_2)","decl":{"start":{"line":13,"column":35},"end":{"line":13,"column":36}},"loc":{"start":{"line":13,"column":49},"end":{"line":19,"column":1}},"line":13},"3":{"name":"(anonymous_3)","decl":{"start":{"line":16,"column":14},"end":{"line":16,"column":15}},"loc":{"start":{"line":16,"column":26},"end":{"line":16,"column":41}},"line":16},"4":{"name":"(anonymous_4)","decl":{"start":{"line":17,"column":14},"end":{"line":17,"column":15}},"loc":{"start":{"line":17,"column":22},"end":{"line":17,"column":79}},"line":17},"5":{"name":"(anonymous_5)","decl":{"start":{"line":18,"column":15},"end":{"line":18,"column":16}},"loc":{"start":{"line":18,"column":24},"end":{"line":18,"column":80}},"line":18}},"branchMap":{},"s":{"0":0,"1":0,"2":0,"3":0,"4":0,"5":0,"6":0,"7":0,"8":0},"f":{"0":0,"1":0,"2":0,"3":0,"4":0,"5":0},"b":{}}
,"C:\\Users\\binel\\OneDrive\\Desktop\\Test\\RoboExpo_testing\\src\\constants.js": {"path":"C:\\Users\\binel\\OneDrive\\Desktop\\Test\\RoboExpo_testing\\src\\constants.js","statementMap":{"0":{"start":{"line":1,"column":35},"end":{"line":1,"column":56}},"1":{"start":{"line":3,"column":38},"end":{"line":3,"column":62}},"2":{"start":{"line":4,"column":38},"end":{"line":4,"column":62}},"3":{"start":{"line":5,"column":37},"end":{"line":5,"column":60}}},"fnMap":{},"branchMap":{},"s":{"0":0,"1":0,"2":0,"3":0},"f":{},"b":{}}
,"C:\\Users\\binel\\OneDrive\\Desktop\\Test\\RoboExpo_testing\\src\\index.js": {"path":"C:\\Users\\binel\\OneDrive\\Desktop\\Test\\RoboExpo_testing\\src\\index.js","statementMap":{"0":{"start":{"line":15,"column":15},"end":{"line":15,"column":29}},"1":{"start":{"line":18,"column":21},"end":{"line":18,"column":68}},"2":{"start":{"line":19,"column":14},"end":{"line":19,"column":81}},"3":{"start":{"line":29,"column":0},"end":{"line":34,"column":2}},"4":{"start":{"line":39,"column":0},"end":{"line":39,"column":18}}},"fnMap":{},"branchMap":{},"s":{"0":0,"1":0,"2":0,"3":0,"4":0},"f":{},"b":{}}
,"C:\\Users\\binel\\OneDrive\\Desktop\\Test\\RoboExpo_testing\\src\\reducers.js": {"path":"C:\\Users\\binel\\OneDrive\\Desktop\\Test\\RoboExpo_testing\\src\\reducers.js","statementMap":{"0":{"start":{"line":8,"column":27},"end":{"line":10,"column":1}},"1":{"start":{"line":12,"column":28},"end":{"line":19,"column":1}},"2":{"start":{"line":13,"column":4},"end":{"line":18,"column":5}},"3":{"start":{"line":15,"column":12},"end":{"line":15,"column":77}},"4":{"start":{"line":17,"column":12},"end":{"line":17,"column":25}},"5":{"start":{"line":21,"column":27},"end":{"line":25,"column":1}},"6":{"start":{"line":27,"column":29},"end":{"line":38,"column":1}},"7":{"start":{"line":28,"column":4},"end":{"line":37,"column":5}},"8":{"start":{"line":30,"column":12},"end":{"line":30,"column":64}},"9":{"start":{"line":32,"column":12},"end":{"line":32,"column":89}},"10":{"start":{"line":34,"column":12},"end":{"line":34,"column":68}},"11":{"start":{"line":36,"column":12},"end":{"line":36,"column":24}}},"fnMap":{"0":{"name":"(anonymous_0)","decl":{"start":{"line":12,"column":28},"end":{"line":12,"column":29}},"loc":{"start":{"line":12,"column":69},"end":{"line":19,"column":1}},"line":12},"1":{"name":"(anonymous_1)","decl":{"start":{"line":27,"column":29},"end":{"line":27,"column":30}},"loc":{"start":{"line":27,"column":70},"end":{"line":38,"column":1}},"line":27}},"branchMap":{"0":{"loc":{"start":{"line":12,"column":29},"end":{"line":12,"column":53}},"type":"default-arg","locations":[{"start":{"line":12,"column":35},"end":{"line":12,"column":53}}],"line":12},"1":{"loc":{"start":{"line":12,"column":55},"end":{"line":12,"column":64}},"type":"default-arg","locations":[{"start":{"line":12,"column":62},"end":{"line":12,"column":64}}],"line":12},"2":{"loc":{"start":{"line":13,"column":4},"end":{"line":18,"column":5}},"type":"switch","locations":[{"start":{"line":14,"column":8},"end":{"line":15,"column":77}},{"start":{"line":16,"column":8},"end":{"line":17,"column":25}}],"line":13},"3":{"loc":{"start":{"line":27,"column":30},"end":{"line":27,"column":54}},"type":"default-arg","locations":[{"start":{"line":27,"column":36},"end":{"line":27,"column":54}}],"line":27},"4":{"loc":{"start":{"line":27,"column":56},"end":{"line":27,"column":65}},"type":"default-arg","locations":[{"start":{"line":27,"column":63},"end":{"line":27,"column":65}}],"line":27},"5":{"loc":{"start":{"line":28,"column":4},"end":{"line":37,"column":5}},"type":"switch","locations":[{"start":{"line":29,"column":8},"end":{"line":30,"column":64}},{"start":{"line":31,"column":8},"end":{"line":32,"column":89}},{"start":{"line":33,"column":8},"end":{"line":34,"column":68}},{"start":{"line":35,"column":8},"end":{"line":36,"column":24}}],"line":28}},"s":{"0":0,"1":0,"2":0,"3":0,"4":0,"5":0,"6":0,"7":0,"8":0,"9":0,"10":0,"11":0},"f":{"0":0,"1":0},"b":{"0":[0],"1":[0],"2":[0,0],"3":[0],"4":[0],"5":[0,0,0,0]}}
,"C:\\Users\\binel\\OneDrive\\Desktop\\Test\\RoboExpo_testing\\src\\reportWebVitals.js": {"path":"C:\\Users\\binel\\OneDrive\\Desktop\\Test\\RoboExpo_testing\\src\\reportWebVitals.js","statementMap":{"0":{"start":{"line":1,"column":24},"end":{"line":11,"column":1}},"1":{"start":{"line":2,"column":2},"end":{"line":10,"column":3}},"2":{"start":{"line":3,"column":4},"end":{"line":9,"column":7}},"3":{"start":{"line":4,"column":6},"end":{"line":4,"column":26}},"4":{"start":{"line":5,"column":6},"end":{"line":5,"column":26}},"5":{"start":{"line":6,"column":6},"end":{"line":6,"column":26}},"6":{"start":{"line":7,"column":6},"end":{"line":7,"column":26}},"7":{"start":{"line":8,"column":6},"end":{"line":8,"column":27}}},"fnMap":{"0":{"name":"(anonymous_0)","decl":{"start":{"line":1,"column":24},"end":{"line":1,"column":25}},"loc":{"start":{"line":1,"column":39},"end":{"line":11,"column":1}},"line":1},"1":{"name":"(anonymous_1)","decl":{"start":{"line":3,"column":30},"end":{"line":3,"column":31}},"loc":{"start":{"line":3,"column":79},"end":{"line":9,"column":5}},"line":3}},"branchMap":{"0":{"loc":{"start":{"line":2,"column":2},"end":{"line":10,"column":3}},"type":"if","locations":[{"start":{"line":2,"column":2},"end":{"line":10,"column":3}},{"start":{},"end":{}}],"line":2},"1":{"loc":{"start":{"line":2,"column":6},"end":{"line":2,"column":52}},"type":"binary-expr","locations":[{"start":{"line":2,"column":6},"end":{"line":2,"column":17}},{"start":{"line":2,"column":21},"end":{"line":2,"column":52}}],"line":2}},"s":{"0":0,"1":0,"2":0,"3":0,"4":0,"5":0,"6":0,"7":0},"f":{"0":0,"1":0},"b":{"0":[0,0],"1":[0,0]}}
,"C:\\Users\\binel\\OneDrive\\Desktop\\Test\\RoboExpo_testing\\src\\robots.js": {"path":"C:\\Users\\binel\\OneDrive\\Desktop\\Test\\RoboExpo_testing\\src\\robots.js","statementMap":{"0":{"start":{"line":1,"column":22},"end":{"line":62,"column":1}}},"fnMap":{},"branchMap":{},"s":{"0":0},"f":{},"b":{}}
,"C:\\Users\\binel\\OneDrive\\Desktop\\Test\\RoboExpo_testing\\src\\components\\Card.js": {"path":"C:\\Users\\binel\\OneDrive\\Desktop\\Test\\RoboExpo_testing\\src\\components\\Card.js","statementMap":{"0":{"start":{"line":4,"column":11},"end":{"line":14,"column":1}},"1":{"start":{"line":5,"column":4},"end":{"line":13,"column":6}}},"fnMap":{"0":{"name":"(anonymous_0)","decl":{"start":{"line":4,"column":11},"end":{"line":4,"column":12}},"loc":{"start":{"line":4,"column":36},"end":{"line":14,"column":1}},"line":4}},"branchMap":{},"s":{"0":2,"1":1},"f":{"0":1},"b":{},"_coverageSchema":"1a1c01bbd47fc00a2c39e90264f33305004495a9","hash":"e3d23bb6c1c7072388a9e2379a8cd80bc86a705d"}
,"C:\\Users\\binel\\OneDrive\\Desktop\\Test\\RoboExpo_testing\\src\\components\\CardList.js": {"path":"C:\\Users\\binel\\OneDrive\\Desktop\\Test\\RoboExpo_testing\\src\\components\\CardList.js","statementMap":{"0":{"start":{"line":4,"column":17},"end":{"line":21,"column":1}},"1":{"start":{"line":5,"column":4},"end":{"line":20,"column":6}},"2":{"start":{"line":9,"column":20},"end":{"line":16,"column":22}}},"fnMap":{"0":{"name":"(anonymous_0)","decl":{"start":{"line":4,"column":17},"end":{"line":4,"column":18}},"loc":{"start":{"line":4,"column":31},"end":{"line":21,"column":1}},"line":4},"1":{"name":"(anonymous_1)","decl":{"start":{"line":8,"column":27},"end":{"line":8,"column":28}},"loc":{"start":{"line":8,"column":40},"end":{"line":17,"column":17}},"line":8}},"branchMap":{},"s":{"0":1,"1":1,"2":1},"f":{"0":1,"1":1},"b":{},"_coverageSchema":"1a1c01bbd47fc00a2c39e90264f33305004495a9","hash":"7598a3dad6d288c948fa7a948256094f1c60dd4f"}
,"C:\\Users\\binel\\OneDrive\\Desktop\\Test\\RoboExpo_testing\\src\\components\\CounterButton.js": {"path":"C:\\Users\\binel\\OneDrive\\Desktop\\Test\\RoboExpo_testing\\src\\components\\CounterButton.js","statementMap":{"0":{"start":{"line":5,"column":4},"end":{"line":5,"column":17}},"1":{"start":{"line":6,"column":4},"end":{"line":8,"column":6}},"2":{"start":{"line":12,"column":4},"end":{"line":14,"column":5}},"3":{"start":{"line":13,"column":6},"end":{"line":13,"column":18}},"4":{"start":{"line":15,"column":4},"end":{"line":15,"column":17}},"5":{"start":{"line":19,"column":4},"end":{"line":26,"column":6}},"6":{"start":{"line":23,"column":23},"end":{"line":23,"column":73}},"7":{"start":{"line":23,"column":47},"end":{"line":23,"column":71}}},"fnMap":{"0":{"name":"(anonymous_0)","decl":{"start":{"line":4,"column":2},"end":{"line":4,"column":3}},"loc":{"start":{"line":4,"column":21},"end":{"line":9,"column":3}},"line":4},"1":{"name":"(anonymous_1)","decl":{"start":{"line":11,"column":2},"end":{"line":11,"column":3}},"loc":{"start":{"line":11,"column":46},"end":{"line":16,"column":3}},"line":11},"2":{"name":"(anonymous_2)","decl":{"start":{"line":18,"column":2},"end":{"line":18,"column":3}},"loc":{"start":{"line":18,"column":11},"end":{"line":27,"column":3}},"line":18},"3":{"name":"(anonymous_3)","decl":{"start":{"line":23,"column":17},"end":{"line":23,"column":18}},"loc":{"start":{"line":23,"column":23},"end":{"line":23,"column":73}},"line":23},"4":{"name":"(anonymous_4)","decl":{"start":{"line":23,"column":37},"end":{"line":23,"column":38}},"loc":{"start":{"line":23,"column":47},"end":{"line":23,"column":71}},"line":23}},"branchMap":{"0":{"loc":{"start":{"line":12,"column":4},"end":{"line":14,"column":5}},"type":"if","locations":[{"start":{"line":12,"column":4},"end":{"line":14,"column":5}},{"start":{},"end":{}}],"line":12}},"s":{"0":2,"1":2,"2":3,"3":3,"4":0,"5":5,"6":3,"7":3},"f":{"0":2,"1":3,"2":5,"3":3,"4":3},"b":{"0":[3,0]},"_coverageSchema":"1a1c01bbd47fc00a2c39e90264f33305004495a9","hash":"4c2c42918c0f46bd03d726aa0b6ccb98b8decdf3"}
,"C:\\Users\\binel\\OneDrive\\Desktop\\Test\\RoboExpo_testing\\src\\components\\ErrorBoundary.js": {"path":"C:\\Users\\binel\\OneDrive\\Desktop\\Test\\RoboExpo_testing\\src\\components\\ErrorBoundary.js","statementMap":{"0":{"start":{"line":5,"column":8},"end":{"line":5,"column":21}},"1":{"start":{"line":6,"column":8},"end":{"line":8,"column":9}},"2":{"start":{"line":12,"column":8},"end":{"line":12,"column":40}},"3":{"start":{"line":16,"column":8},"end":{"line":18,"column":9}},"4":{"start":{"line":17,"column":12},"end":{"line":17,"column":69}},"5":{"start":{"line":19,"column":8},"end":{"line":19,"column":34}}},"fnMap":{"0":{"name":"(anonymous_0)","decl":{"start":{"line":4,"column":4},"end":{"line":4,"column":5}},"loc":{"start":{"line":4,"column":23},"end":{"line":9,"column":5}},"line":4},"1":{"name":"(anonymous_1)","decl":{"start":{"line":11,"column":4},"end":{"line":11,"column":5}},"loc":{"start":{"line":11,"column":35},"end":{"line":13,"column":5}},"line":11},"2":{"name":"(anonymous_2)","decl":{"start":{"line":15,"column":4},"end":{"line":15,"column":5}},"loc":{"start":{"line":15,"column":13},"end":{"line":20,"column":5}},"line":15}},"branchMap":{"0":{"loc":{"start":{"line":16,"column":8},"end":{"line":18,"column":9}},"type":"if","locations":[{"start":{"line":16,"column":8},"end":{"line":18,"column":9}},{"start":{},"end":{}}],"line":16}},"s":{"0":0,"1":0,"2":0,"3":0,"4":0,"5":0},"f":{"0":0,"1":0,"2":0},"b":{"0":[0,0]}}
,"C:\\Users\\binel\\OneDrive\\Desktop\\Test\\RoboExpo_testing\\src\\components\\Header.js": {"path":"C:\\Users\\binel\\OneDrive\\Desktop\\Test\\RoboExpo_testing\\src\\components\\Header.js","statementMap":{"0":{"start":{"line":11,"column":4},"end":{"line":11,"column":16}},"1":{"start":{"line":14,"column":4},"end":{"line":19,"column":6}}},"fnMap":{"0":{"name":"(anonymous_0)","decl":{"start":{"line":10,"column":2},"end":{"line":10,"column":3}},"loc":{"start":{"line":10,"column":46},"end":{"line":12,"column":3}},"line":10},"1":{"name":"(anonymous_1)","decl":{"start":{"line":13,"column":2},"end":{"line":13,"column":3}},"loc":{"start":{"line":13,"column":11},"end":{"line":20,"column":3}},"line":13}},"branchMap":{},"s":{"0":0,"1":0},"f":{"0":0,"1":0},"b":{}}
,"C:\\Users\\binel\\OneDrive\\Desktop\\Test\\RoboExpo_testing\\src\\components\\MainPage.js": {"path":"C:\\Users\\binel\\OneDrive\\Desktop\\Test\\RoboExpo_testing\\src\\components\\MainPage.js","statementMap":{"0":{"start":{"line":13,"column":4},"end":{"line":13,"column":33}},"1":{"start":{"line":16,"column":17},"end":{"line":21,"column":3}},"2":{"start":{"line":17,"column":36},"end":{"line":17,"column":46}},"3":{"start":{"line":18,"column":4},"end":{"line":20,"column":6}},"4":{"start":{"line":19,"column":6},"end":{"line":19,"column":74}},"5":{"start":{"line":24,"column":42},"end":{"line":24,"column":52}},"6":{"start":{"line":26,"column":4},"end":{"line":38,"column":6}}},"fnMap":{"0":{"name":"(anonymous_0)","decl":{"start":{"line":12,"column":2},"end":{"line":12,"column":3}},"loc":{"start":{"line":12,"column":22},"end":{"line":14,"column":3}},"line":12},"1":{"name":"(anonymous_1)","decl":{"start":{"line":16,"column":17},"end":{"line":16,"column":18}},"loc":{"start":{"line":16,"column":23},"end":{"line":21,"column":3}},"line":16},"2":{"name":"(anonymous_2)","decl":{"start":{"line":18,"column":25},"end":{"line":18,"column":26}},"loc":{"start":{"line":18,"column":34},"end":{"line":20,"column":5}},"line":18},"3":{"name":"(anonymous_3)","decl":{"start":{"line":23,"column":2},"end":{"line":23,"column":3}},"loc":{"start":{"line":23,"column":11},"end":{"line":39,"column":3}},"line":23}},"branchMap":{"0":{"loc":{"start":{"line":31,"column":12},"end":{"line":34,"column":28}},"type":"cond-expr","locations":[{"start":{"line":31,"column":24},"end":{"line":31,"column":40}},{"start":{"line":32,"column":12},"end":{"line":34,"column":28}}],"line":31}},"s":{"0":0,"1":0,"2":0,"3":0,"4":0,"5":0,"6":0},"f":{"0":0,"1":0,"2":0,"3":0},"b":{"0":[0,0]}}
,"C:\\Users\\binel\\OneDrive\\Desktop\\Test\\RoboExpo_testing\\src\\components\\Scroll.js": {"path":"C:\\Users\\binel\\OneDrive\\Desktop\\Test\\RoboExpo_testing\\src\\components\\Scroll.js","statementMap":{"0":{"start":{"line":3,"column":15},"end":{"line":9,"column":1}},"1":{"start":{"line":4,"column":4},"end":{"line":8,"column":6}}},"fnMap":{"0":{"name":"(anonymous_0)","decl":{"start":{"line":3,"column":15},"end":{"line":3,"column":16}},"loc":{"start":{"line":3,"column":26},"end":{"line":9,"column":1}},"line":3}},"branchMap":{},"s":{"0":0,"1":0},"f":{"0":0},"b":{}}
,"C:\\Users\\binel\\OneDrive\\Desktop\\Test\\RoboExpo_testing\\src\\components\\SearchBox.js": {"path":"C:\\Users\\binel\\OneDrive\\Desktop\\Test\\RoboExpo_testing\\src\\components\\SearchBox.js","statementMap":{"0":{"start":{"line":3,"column":18},"end":{"line":14,"column":1}},"1":{"start":{"line":4,"column":4},"end":{"line":13,"column":6}}},"fnMap":{"0":{"name":"(anonymous_0)","decl":{"start":{"line":3,"column":18},"end":{"line":3,"column":19}},"loc":{"start":{"line":3,"column":51},"end":{"line":14,"column":1}},"line":3}},"branchMap":{},"s":{"0":0,"1":0},"f":{"0":0},"b":{}}
,"C:\\Users\\binel\\OneDrive\\Desktop\\Test\\RoboExpo_testing\\src\\containers\\App.js": {"path":"C:\\Users\\binel\\OneDrive\\Desktop\\Test\\RoboExpo_testing\\src\\containers\\App.js","statementMap":{"0":{"start":{"line":8,"column":24},"end":{"line":15,"column":1}},"1":{"start":{"line":9,"column":4},"end":{"line":14,"column":5}},"2":{"start":{"line":19,"column":27},"end":{"line":24,"column":1}},"3":{"start":{"line":20,"column":4},"end":{"line":23,"column":5}},"4":{"start":{"line":21,"column":35},"end":{"line":21,"column":79}},"5":{"start":{"line":22,"column":31},"end":{"line":22,"column":56}},"6":{"start":{"line":28,"column":8},"end":{"line":28,"column":42}}},"fnMap":{"0":{"name":"(anonymous_0)","decl":{"start":{"line":8,"column":24},"end":{"line":8,"column":25}},"loc":{"start":{"line":8,"column":33},"end":{"line":15,"column":1}},"line":8},"1":{"name":"(anonymous_1)","decl":{"start":{"line":19,"column":27},"end":{"line":19,"column":28}},"loc":{"start":{"line":19,"column":41},"end":{"line":24,"column":1}},"line":19},"2":{"name":"(anonymous_2)","decl":{"start":{"line":21,"column":24},"end":{"line":21,"column":25}},"loc":{"start":{"line":21,"column":35},"end":{"line":21,"column":79}},"line":21},"3":{"name":"(anonymous_3)","decl":{"start":{"line":22,"column":25},"end":{"line":22,"column":26}},"loc":{"start":{"line":22,"column":31},"end":{"line":22,"column":56}},"line":22},"4":{"name":"(anonymous_4)","decl":{"start":{"line":27,"column":4},"end":{"line":27,"column":5}},"loc":{"start":{"line":27,"column":14},"end":{"line":29,"column":5}},"line":27}},"branchMap":{},"s":{"0":0,"1":0,"2":0,"3":0,"4":0,"5":0,"6":0},"f":{"0":0,"1":0,"2":0,"3":0,"4":0},"b":{}}
}
